<?xml version="1.0" encoding="UTF-8"?>
<!-- Generated by org.testng.reporters.JUnitReportReporter -->
<testsuite skipped="0" hostname="DESKTOP-PCEHKV8" name="com.cucumber.tests.LoginTest" tests="1" failures="0" timestamp="2021-06-20T00:15:54 IST" time="9.383" errors="0">
  <testcase name="login" time="9.383" classname="com.cucumber.tests.LoginTest"/>
</testsuite> <!-- com.cucumber.tests.LoginTest -->
